<?xml version="1.0" encoding="UTF-8"?>
<!-- Generated by org.testng.reporters.JUnitReportReporter -->
<testsuite skipped="0" hostname="HP-250-G5-Notebook-PC" name="com.automation.UserTest" tests="2" failures="0" timestamp="12 дек 2019 17:04:15 GMT" time="0.006" errors="0">
  <testcase name="userTest" time="0.002" classname="com.automation.UserTest"/>
  <testcase name="userAgeTest" time="0.004" classname="com.automation.UserTest"/>
</testsuite> <!-- com.automation.UserTest -->
